C:\Users\Stephen\Desktop\Fate's Call\Release\Actor.obj
C:\Users\Stephen\Desktop\Fate's Call\Release\AudioManager.obj
C:\Users\Stephen\Desktop\Fate's Call\Release\Base.obj
C:\Users\Stephen\Desktop\Fate's Call\Release\Bomb.obj
C:\Users\Stephen\Desktop\Fate's Call\Release\Boss.obj
C:\Users\Stephen\Desktop\Fate's Call\Release\Button.obj
C:\Users\Stephen\Desktop\Fate's Call\Release\CollisionDetection.obj
C:\Users\Stephen\Desktop\Fate's Call\Release\Credits.obj
C:\Users\Stephen\Desktop\Fate's Call\Release\Dragon.obj
C:\Users\Stephen\Desktop\Fate's Call\Release\Dungeon.obj
C:\Users\Stephen\Desktop\Fate's Call\Release\Enemy.obj
C:\Users\Stephen\Desktop\Fate's Call\Release\Explosive.obj
C:\Users\Stephen\Desktop\Fate's Call\Release\Fireball.obj
C:\Users\Stephen\Desktop\Fate's Call\Release\Food.obj
C:\Users\Stephen\Desktop\Fate's Call\Release\Frostbolt.obj
C:\Users\Stephen\Desktop\Fate's Call\Release\GameEngine.obj
C:\Users\Stephen\Desktop\Fate's Call\Release\GameOver.obj
C:\Users\Stephen\Desktop\Fate's Call\Release\GameWon.obj
C:\Users\Stephen\Desktop\Fate's Call\Release\Ghost.obj
C:\Users\Stephen\Desktop\Fate's Call\Release\Goblin.obj
C:\Users\Stephen\Desktop\Fate's Call\Release\Gold.obj
C:\Users\Stephen\Desktop\Fate's Call\Release\HellKnight.obj
C:\Users\Stephen\Desktop\Fate's Call\Release\HUD.obj
C:\Users\Stephen\Desktop\Fate's Call\Release\Inventory.obj
C:\Users\Stephen\Desktop\Fate's Call\Release\LeftHand.obj
C:\Users\Stephen\Desktop\Fate's Call\Release\LeftVine.obj
C:\Users\Stephen\Desktop\Fate's Call\Release\Locked.obj
C:\Users\Stephen\Desktop\Fate's Call\Release\main.obj
C:\Users\Stephen\Desktop\Fate's Call\Release\MainMenuState.obj
C:\Users\Stephen\Desktop\Fate's Call\Release\Minimap.obj
C:\Users\Stephen\Desktop\Fate's Call\Release\NewGame.obj
C:\Users\Stephen\Desktop\Fate's Call\Release\Player.obj
C:\Users\Stephen\Desktop\Fate's Call\Release\Potion.obj
C:\Users\Stephen\Desktop\Fate's Call\Release\ProgressionStateDolan.obj
C:\Users\Stephen\Desktop\Fate's Call\Release\ProgressionStatePepe.obj
C:\Users\Stephen\Desktop\Fate's Call\Release\Projectile.obj
C:\Users\Stephen\Desktop\Fate's Call\Release\Proportion.obj
C:\Users\Stephen\Desktop\Fate's Call\Release\Puzzle.obj
C:\Users\Stephen\Desktop\Fate's Call\Release\RenderingEngine.obj
C:\Users\Stephen\Desktop\Fate's Call\Release\RightHand.obj
C:\Users\Stephen\Desktop\Fate's Call\Release\RightVine.obj
C:\Users\Stephen\Desktop\Fate's Call\Release\Room.obj
C:\Users\Stephen\Desktop\Fate's Call\Release\ScndDungeon.obj
C:\Users\Stephen\Desktop\Fate's Call\Release\ScreenUtil.obj
C:\Users\Stephen\Desktop\Fate's Call\Release\Shop.obj
C:\Users\Stephen\Desktop\Fate's Call\Release\Skeleton.obj
C:\Users\Stephen\Desktop\Fate's Call\Release\Slime.obj
C:\Users\Stephen\Desktop\Fate's Call\Release\Spider.obj
C:\Users\Stephen\Desktop\Fate's Call\Release\StateManager.obj
C:\Users\Stephen\Desktop\Fate's Call\Release\Texture.obj
C:\Users\Stephen\Desktop\Fate's Call\Release\ThirdDungeon.obj
C:\Users\Stephen\Desktop\Fate's Call\Release\Thunderbolt.obj
C:\Users\Stephen\Desktop\Fate's Call\Release\Timer.obj
C:\Users\Stephen\Desktop\Fate's Call\Release\VenusFlyTrap.obj
C:\Users\Stephen\Desktop\Fate's Call\Release\Waves.obj
C:\Users\Stephen\Desktop\Fate's Call\Release\Fate's Call.pdb
C:\Users\Stephen\Desktop\Fate's Call\Release\vc120.pdb
C:\Users\Stephen\Desktop\Fate's Call\Release\Fate's Call.exe
